# JRE version: Java(TM) SE Runtime Environment (11.0.5+10) (build 11.0.5+10-LTS)
# Java VM: Java HotSpot(TM) 64-Bit Server VM (11.0.5+10-LTS, mixed mode, tiered, compressed oops, g1 gc, windows-amd64)
Heap:
 garbage-first heap   total 227328K, used 177185K [0x0000000081c00000, 0x0000000100000000)
  region size 1024K, 111 young (113664K), 5 survivors (5120K)
 Metaspace       used 78284K, capacity 81356K, committed 81480K, reserved 1118208K
  class space    used 10729K, capacity 11953K, committed 12032K, reserved 1048576K
GC Heap History (10 events):
Event: 16.344 GC heap after
{Heap after GC invocations=16 (full 0):
 garbage-first heap   total 189440K, used 44023K [0x0000000081c00000, 0x0000000100000000)
  region size 1024K, 14 young (14336K), 14 survivors (14336K)
 Metaspace       used 69341K, capacity 71545K, committed 71880K, reserved 1112064K
  class space    used 9161K, capacity 10018K, committed 10112K, reserved 1048576K
}
Event: 18.684 GC heap before
{Heap before GC invocations=16 (full 0):
 garbage-first heap   total 189440K, used 143351K [0x0000000081c00000, 0x0000000100000000)
  region size 1024K, 111 young (113664K), 14 survivors (14336K)
 Metaspace       used 69366K, capacity 71615K, committed 71880K, reserved 1112064K
  class space    used 9162K, capacity 10019K, committed 10112K, reserved 1048576K
}
Event: 18.704 GC heap after
{Heap after GC invocations=17 (full 0):
 garbage-first heap   total 227328K, used 47156K [0x0000000081c00000, 0x0000000100000000)
  region size 1024K, 4 young (4096K), 4 survivors (4096K)
 Metaspace       used 69366K, capacity 71615K, committed 71880K, reserved 1112064K
  class space    used 9162K, capacity 10019K, committed 10112K, reserved 1048576K
}
Event: 21.562 GC heap before
{Heap before GC invocations=17 (full 0):
 garbage-first heap   total 227328K, used 162868K [0x0000000081c00000, 0x0000000100000000)
  region size 1024K, 117 young (119808K), 4 survivors (4096K)
 Metaspace       used 69368K, capacity 71618K, committed 71880K, reserved 1112064K
  class space    used 9162K, capacity 10020K, committed 10112K, reserved 1048576K
}
Event: 21.571 GC heap after
{Heap after GC invocations=18 (full 0):
 garbage-first heap   total 227328K, used 48399K [0x0000000081c00000, 0x0000000100000000)
  region size 1024K, 5 young (5120K), 5 survivors (5120K)
 Metaspace       used 69368K, capacity 71618K, committed 71880K, reserved 1112064K
  class space    used 9162K, capacity 10020K, committed 10112K, reserved 1048576K
}
Event: 24.857 GC heap before
{Heap before GC invocations=18 (full 0):
 garbage-first heap   total 227328K, used 176399K [0x0000000081c00000, 0x0000000100000000)
  region size 1024K, 130 young (133120K), 5 survivors (5120K)
 Metaspace       used 69369K, capacity 71618K, committed 71880K, reserved 1112064K
  class space    used 9162K, capacity 10020K, committed 10112K, reserved 1048576K
}
Event: 24.872 GC heap after
{Heap after GC invocations=19 (full 0):
 garbage-first heap   total 227328K, used 51388K [0x0000000081c00000, 0x0000000100000000)
  region size 1024K, 8 young (8192K), 8 survivors (8192K)
 Metaspace       used 69369K, capacity 71618K, committed 71880K, reserved 1112064K
  class space    used 9162K, capacity 10020K, committed 10112K, reserved 1048576K
}
Event: 40.283 GC heap before
{Heap before GC invocations=19 (full 0):
 garbage-first heap   total 227328K, used 181436K [0x0000000081c00000, 0x0000000100000000)
  region size 1024K, 133 young (136192K), 8 survivors (8192K)
 Metaspace       used 78033K, capacity 81110K, committed 81224K, reserved 1118208K
  class space    used 10706K, capacity 11937K, committed 12032K, reserved 1048576K
}
Event: 40.318 GC heap after
{Heap after GC invocations=20 (full 0):
 garbage-first heap   total 227328K, used 68641K [0x0000000081c00000, 0x0000000100000000)
  region size 1024K, 17 young (17408K), 17 survivors (17408K)
 Metaspace       used 78033K, capacity 81110K, committed 81224K, reserved 1118208K
  class space    used 10706K, capacity 11937K, committed 12032K, reserved 1048576K
}
Event: 1117.987 GC heap before
{Heap before GC invocations=20 (full 0):
 garbage-first heap   total 227328K, used 176161K [0x0000000081c00000, 0x0000000100000000)
  region size 1024K, 123 young (125952K), 17 survivors (17408K)
 Metaspace       used 78284K, capacity 81356K, committed 81480K, reserved 1118208K
  class space    used 10729K, capacity 11953K, committed 12032K, reserved 1048576K
}

